<?xml version="1.0" encoding="UTF-8"?>
<!-- Generated by org.testng.reporters.JUnitXMLReporter -->
<testsuite ignored="0" hostname="DESKTOP-TTFOPCB" failures="1" tests="1" name="Default test" time="1.999" errors="0" timestamp="2026-02-25T23:04:48 IST">
  <testcase classname="io.cucumber.testng.AbstractTestNGCucumberTests" name="runScenario" time="0.581">
    <failure type="java.lang.IllegalStateException" message="The driver executable does not exist: C:\Users\UDAY\Downloads\cucumberbdd\OrangeHrm_Cucumber\chromedriver.exe">
      <![CDATA[java.lang.IllegalStateException: The driver executable does not exist: C:\Users\UDAY\Downloads\cucumberbdd\OrangeHrm_Cucumber\chromedriver.exe
at com.google.common.base.Preconditions.checkState(Preconditions.java:585)
at org.openqa.selenium.remote.service.DriverService.checkExecutable(DriverService.java:146)
at org.openqa.selenium.remote.service.DriverService.findExecutable(DriverService.java:141)
at org.openqa.selenium.chrome.ChromeDriverService.access$000(ChromeDriverService.java:35)
at org.openqa.selenium.chrome.ChromeDriverService$Builder.findDefaultExecutable(ChromeDriverService.java:159)
at org.openqa.selenium.remote.service.DriverService$Builder.build(DriverService.java:355)
at org.openqa.selenium.chrome.ChromeDriverService.createDefaultService(ChromeDriverService.java:94)
at org.openqa.selenium.chrome.ChromeDriver.<init>(ChromeDriver.java:123)
at stepdefinitions.OrangeHRM.i_open_browser_with_url(OrangeHRM.java:32)
at ✽.i open browser with url "http://orangehrm.qedgetech.com"(file:///C:/Users/UDAY/Downloads/cucumberbdd/OrangeHrm_Cucumber/FeatureFiles/UserRegister.feature:3)
]]>
    </failure>
  </testcase> <!-- runScenario -->
</testsuite> <!-- Default test -->
