<?xml version="1.0" encoding="UTF-8"?>
<!-- Generated by org.testng.reporters.JUnitReportReporter -->
<testsuite hostname="DESKTOP-TTFOPCB" failures="0" tests="5" name="testrunners.AdminLoginTest" time="22.600" errors="0" timestamp="2026-02-26T10:59:09 IST" skipped="0">
  <testcase classname="testrunners.AdminLoginTest" name="runScenario" time="2.983"/>
  <testcase classname="testrunners.AdminLoginTest" name="runScenario" time="3.560"/>
  <testcase classname="testrunners.AdminLoginTest" name="runScenario" time="3.828"/>
  <testcase classname="testrunners.AdminLoginTest" name="runScenario" time="4.557"/>
  <testcase classname="testrunners.AdminLoginTest" name="runScenario" time="7.672"/>
</testsuite> <!-- testrunners.AdminLoginTest -->
